C51 COMPILER V9.52.0.0   IR_REMOTE                                                         07/14/2014 18:02:00 PAGE 1   


C51 COMPILER V9.52.0.0, COMPILATION OF MODULE IR_REMOTE
OBJECT MODULE PLACED IN IR-Remote.OBJ
COMPILER INVOKED BY: C:\Keil\C51\BIN\C51.EXE IR-Remote.c BROWSE DEBUG OBJECTEXTEND TABS(2)

line level    source

   1          /*
   2          UP    --- INT0,P1^2
   3          DOWN  --- INT0,P3^5
   4          RIGHT --- INT0,P1^1
   5          LEFT  --- INT0,P0^6
   6          */
   7          #include <STC12C5A60S2.H>
   8          #include <intrins.h>
   9          #define FULL 65535
  10          #define ADRESS 0xA5
  11          #define INT0 P3^2
  12          sbit IR = P1^3;
  13          sbit UP = P1^2;
  14          sbit DOWN = P3^5;
  15          sbit RIGHT = P1^1;
  16          sbit LEFT = P0^6;
  17          unsigned char repeat;
  18          void IR_TR(unsigned char direction);
  19          void delay(unsigned int time);
  20          void steup(){
  21   1        CMOD = 0x08;
  22   1        CR = 0;
  23   1        CCAP0L = 0;
  24   1        CCAP0H = 0;
  25   1        CCAPM0 = 0x42;
  26   1        
  27   1        EA = 1;
  28   1        EX0 = 1;
  29   1        
  30   1        TMOD = 0x01;
  31   1        TL0 = 0;
  32   1        TH0 = 0;
  33   1        TR0 = 0;
  34   1        TF0 = 0;
  35   1      }
  36          void main(){
  37   1        steup();
  38   1        while(1){
  39   2          PCON = 0x02;//Power Down
  40   2        }
  41   1      }
  42          void selectDirection () interrupt 0{
  43   1        unsigned char direction = 0;//using 8bit to be a arrary and save direction
  44   1      /*
  45   1        direction:
  46   1        0x01: //UP
  47   1        0x05: //UP+LEFT
  48   1        0x09: //UP+RIGHT
  49   1        0x02: //DOWN
  50   1        0x06: //DOWN+RIGHT
  51   1        0x0A: //DOWN+RIGHT
  52   1        0x04: //LEFT
  53   1        0x08: //RIGHT
  54   1      */
  55   1        EA = 0;
C51 COMPILER V9.52.0.0   IR_REMOTE                                                         07/14/2014 18:02:00 PAGE 2   

  56   1        delay(1000);
  57   1        if(!UP){
  58   2          direction = 0x01;
  59   2        }
  60   1        if(!DOWN){
  61   2          direction = direction | 0x02;
  62   2        }
  63   1        if(!LEFT){
  64   2          direction = direction | 0x04;
  65   2        }
  66   1        if(!RIGHT){
  67   2          direction = direction | 0x08;
  68   2        }
  69   1        while(!INT0){
  70   2          IR_TR(direction);
  71   2          repeat = 1;
  72   2        }
  73   1        repeat = 0;
  74   1        CCAP0L = 0;
  75   1        EA = 1;
  76   1      }
  77          void IR_TR(unsigned char direction){
  78   1        unsigned char i=0;
  79   1        unsigned char Adress = ADRESS;
  80   1        CCAP0L = 128;
  81   1        CCAP0H = 128;
  82   1        if(repeat != 1){
  83   2          CR = 1;
  84   2          delay(8400);
  85   2          CR = 0;
  86   2          delay(4200);
  87   2        }
  88   1        for(i=0;i<8;i++){
  89   2          if((Adress & 0x01)){
  90   3            CR = 1;
  91   3            delay(526);
  92   3            CR = 0;
  93   3            delay(1574);
  94   3          }
  95   2          else{
  96   3            CR = 1;
  97   3            delay(526);
  98   3            CR = 0;
  99   3            delay(524);
 100   3          }
 101   2          Adress = Adress >> 1;
 102   2        }
 103   1        for(i=0;i<8;i++){
 104   2          if((direction & 0x01)){
 105   3            CR = 1;
 106   3            delay(526);
 107   3            CR = 0;
 108   3            delay(1574);
 109   3          }
 110   2          else{
 111   3            CR = 1;
 112   3            delay(526);
 113   3            CR = 0;
 114   3            delay(524);
 115   3          }
 116   2          direction = direction >> 1;
 117   2        }
C51 COMPILER V9.52.0.0   IR_REMOTE                                                         07/14/2014 18:02:00 PAGE 3   

 118   1        CR = 1;
 119   1        delay(526);
 120   1        CR = 0;
 121   1        delay(20000);
 122   1      }
 123          void delay(unsigned int time){
 124   1        TL0 = (FULL - time) %256;
 125   1        TH0 = (FULL - time) /256;
 126   1        TR0 = 1;
 127   1        while(!TF0);
 128   1        TR0 = 0;
 129   1        TF0 = 0;
 130   1      }


MODULE INFORMATION:   STATIC OVERLAYABLE
   CODE SIZE        =    394    ----
   CONSTANT SIZE    =   ----    ----
   XDATA SIZE       =   ----    ----
   PDATA SIZE       =   ----    ----
   DATA SIZE        =      1       6
   IDATA SIZE       =   ----    ----
   BIT SIZE         =   ----    ----
END OF MODULE INFORMATION.


C51 COMPILATION COMPLETE.  0 WARNING(S),  0 ERROR(S)
